0 info it worked if it ends with ok
1 verbose cli [ '/Users/priyanka.kesharwani/.nvm/versions/node/v6.9.0/bin/node',
1 verbose cli   '/Users/priyanka.kesharwani/.nvm/versions/node/v6.9.0/bin/npm',
1 verbose cli   'i' ]
2 info using npm@3.10.8
3 info using node@v6.9.0
4 silly loadCurrentTree Starting
5 silly install loadCurrentTree
6 silly install readLocalPackageData
7 silly install normalizeTree
8 silly loadCurrentTree Finishing
9 silly loadIdealTree Starting
10 silly install loadIdealTree
11 silly cloneCurrentTree Starting
12 silly install cloneCurrentTreeToIdealTree
13 silly cloneCurrentTree Finishing
14 silly loadShrinkwrap Starting
15 silly install loadShrinkwrap
16 silly loadShrinkwrap Finishing
17 silly loadAllDepsIntoIdealTree Starting
18 silly install loadAllDepsIntoIdealTree
19 silly fetchNamedPackageData @babel/core
20 silly mapToRegistry name @babel/core
21 silly mapToRegistry scope (from package name) @babel
22 verbose mapToRegistry no registry URL found in name for scope @babel
23 silly mapToRegistry using default registry
24 silly mapToRegistry registry http://nexus.lab.hwinternal.net/nexus/content/groups/npm/
25 silly mapToRegistry data Result {
25 silly mapToRegistry   raw: '@babel/core',
25 silly mapToRegistry   scope: '@babel',
25 silly mapToRegistry   escapedName: '@babel%2fcore',
25 silly mapToRegistry   name: '@babel/core',
25 silly mapToRegistry   rawSpec: '',
25 silly mapToRegistry   spec: 'latest',
25 silly mapToRegistry   type: 'tag' }
26 silly mapToRegistry uri http://nexus.lab.hwinternal.net/nexus/content/groups/npm/@babel%2fcore
27 silly fetchNamedPackageData parcel-bundler
28 silly mapToRegistry name parcel-bundler
29 silly mapToRegistry using default registry
30 silly mapToRegistry registry http://nexus.lab.hwinternal.net/nexus/content/groups/npm/
31 silly mapToRegistry data Result {
31 silly mapToRegistry   raw: 'parcel-bundler',
31 silly mapToRegistry   scope: null,
31 silly mapToRegistry   escapedName: 'parcel-bundler',
31 silly mapToRegistry   name: 'parcel-bundler',
31 silly mapToRegistry   rawSpec: '',
31 silly mapToRegistry   spec: 'latest',
31 silly mapToRegistry   type: 'tag' }
32 silly mapToRegistry uri http://nexus.lab.hwinternal.net/nexus/content/groups/npm/parcel-bundler
33 verbose request uri http://nexus.lab.hwinternal.net/nexus/content/groups/npm/parcel-bundler
34 verbose request no auth needed
35 info attempt registry request try #1 at 12:47:36 PM
36 verbose request id a814eb999b5bcae3
37 http request GET http://nexus.lab.hwinternal.net/nexus/content/groups/npm/parcel-bundler
38 verbose request uri http://nexus.lab.hwinternal.net/nexus/content/groups/npm/@babel%2fcore
39 verbose request no auth needed
40 info attempt registry request try #1 at 12:47:36 PM
41 verbose lastModified Tue, 30 Jun 2020 03:48:47 GMT
42 http request GET http://nexus.lab.hwinternal.net/nexus/content/groups/npm/@babel%2fcore
43 info retry will retry, error on last attempt: Error: connect ETIMEDOUT 10.139.13.216:80
44 info retry will retry, error on last attempt: Error: connect ETIMEDOUT 10.139.13.216:80
45 info attempt registry request try #2 at 12:49:03 PM
46 http request GET http://nexus.lab.hwinternal.net/nexus/content/groups/npm/parcel-bundler
47 info attempt registry request try #2 at 12:49:03 PM
48 verbose lastModified Tue, 30 Jun 2020 03:48:47 GMT
49 http request GET http://nexus.lab.hwinternal.net/nexus/content/groups/npm/@babel%2fcore
50 info retry will retry, error on last attempt: Error: connect ETIMEDOUT 10.139.13.216:80
51 info retry will retry, error on last attempt: Error: connect ETIMEDOUT 10.139.13.216:80
52 info attempt registry request try #3 at 12:51:20 PM
53 http request GET http://nexus.lab.hwinternal.net/nexus/content/groups/npm/parcel-bundler
54 info attempt registry request try #3 at 12:51:20 PM
55 verbose lastModified Tue, 30 Jun 2020 03:48:47 GMT
56 http request GET http://nexus.lab.hwinternal.net/nexus/content/groups/npm/@babel%2fcore
57 silly fetchPackageMetaData Error: connect ETIMEDOUT 10.139.12.68:80
57 silly fetchPackageMetaData     at Object.exports._errnoException (util.js:1026:11)
57 silly fetchPackageMetaData     at exports._exceptionWithHostPort (util.js:1049:20)
57 silly fetchPackageMetaData     at TCPConnectWrap.afterConnect [as oncomplete] (net.js:1085:14)
57 silly fetchPackageMetaData  error for parcel-bundler@^1.6.1 { Error: connect ETIMEDOUT 10.139.12.68:80
57 silly fetchPackageMetaData     at Object.exports._errnoException (util.js:1026:11)
57 silly fetchPackageMetaData     at exports._exceptionWithHostPort (util.js:1049:20)
57 silly fetchPackageMetaData     at TCPConnectWrap.afterConnect [as oncomplete] (net.js:1085:14)
57 silly fetchPackageMetaData   code: 'ETIMEDOUT',
57 silly fetchPackageMetaData   errno: 'ETIMEDOUT',
57 silly fetchPackageMetaData   syscall: 'connect',
57 silly fetchPackageMetaData   address: '10.139.12.68',
57 silly fetchPackageMetaData   port: 80 }
58 silly get cb [ 304, undefined ]
59 verbose lastModified http://nexus.lab.hwinternal.net/nexus/content/groups/npm/@babel%2fcore from cache
60 verbose get saving @babel/core to /Users/priyanka.kesharwani/.npm/nexus.lab.hwinternal.net/nexus/content/groups/npm/_40babel_252fcore/.cache.json
61 verbose correctMkdir /Users/priyanka.kesharwani/.npm correctMkdir not in flight; initializing
62 silly resolveWithNewModule @babel/core@7.2.0 checking installable status
63 silly cache add args [ '@babel/core@7.2.0', null ]
64 verbose cache add spec @babel/core@7.2.0
65 silly cache add parsed spec Result {
65 silly cache add   raw: '@babel/core@7.2.0',
65 silly cache add   scope: '@babel',
65 silly cache add   escapedName: '@babel%2fcore',
65 silly cache add   name: '@babel/core',
65 silly cache add   rawSpec: '7.2.0',
65 silly cache add   spec: '7.2.0',
65 silly cache add   type: 'version' }
66 silly addNamed @babel/core@7.2.0
67 verbose addNamed "7.2.0" is a plain semver version for @babel/core
68 silly mapToRegistry name @babel/core
69 silly mapToRegistry scope (from package name) @babel
70 verbose mapToRegistry no registry URL found in name for scope @babel
71 silly mapToRegistry using default registry
72 silly mapToRegistry registry http://nexus.lab.hwinternal.net/nexus/content/groups/npm/
73 silly mapToRegistry data Result {
73 silly mapToRegistry   raw: '@babel/core',
73 silly mapToRegistry   scope: '@babel',
73 silly mapToRegistry   escapedName: '@babel%2fcore',
73 silly mapToRegistry   name: '@babel/core',
73 silly mapToRegistry   rawSpec: '',
73 silly mapToRegistry   spec: 'latest',
73 silly mapToRegistry   type: 'tag' }
74 silly mapToRegistry uri http://nexus.lab.hwinternal.net/nexus/content/groups/npm/@babel%2fcore
75 verbose addNameVersion registry:http://nexus.lab.hwinternal.net/nexus/content/groups/npm/@babel%2fcore not in flight; fetching
76 verbose get http://nexus.lab.hwinternal.net/nexus/content/groups/npm/@babel%2fcore not expired, no request
77 silly mapToRegistry name @babel/core
78 silly mapToRegistry scope (from package name) @babel
79 verbose mapToRegistry no registry URL found in name for scope @babel
80 silly mapToRegistry using default registry
81 silly mapToRegistry registry http://nexus.lab.hwinternal.net/nexus/content/groups/npm/
82 silly mapToRegistry data Result {
82 silly mapToRegistry   raw: '@babel/core',
82 silly mapToRegistry   scope: '@babel',
82 silly mapToRegistry   escapedName: '@babel%2fcore',
82 silly mapToRegistry   name: '@babel/core',
82 silly mapToRegistry   rawSpec: '',
82 silly mapToRegistry   spec: 'latest',
82 silly mapToRegistry   type: 'tag' }
83 silly mapToRegistry uri http://nexus.lab.hwinternal.net/nexus/content/groups/npm/@babel%2fcore
84 verbose addRemoteTarball http://nexus.lab.hwinternal.net/nexus/content/groups/npm/@babel/core/-/core-7.2.0.tgz not in flight; adding
85 verbose addRemoteTarball [ 'http://nexus.lab.hwinternal.net/nexus/content/groups/npm/@babel/core/-/core-7.2.0.tgz',
85 verbose addRemoteTarball   'a4dd3814901998e93340f0086e9867fefa163ada' ]
86 info retry fetch attempt 1 at 12:52:37 PM
87 info attempt registry request try #1 at 12:52:37 PM
88 http fetch GET http://nexus.lab.hwinternal.net/nexus/content/groups/npm/@babel/core/-/core-7.2.0.tgz
89 info retry will retry, error on last attempt: Error: connect ETIMEDOUT 10.139.13.216:80
90 info attempt registry request try #2 at 12:54:04 PM
91 http fetch GET http://nexus.lab.hwinternal.net/nexus/content/groups/npm/@babel/core/-/core-7.2.0.tgz
92 info retry will retry, error on last attempt: Error: connect ETIMEDOUT 10.139.12.68:80
93 info attempt registry request try #3 at 12:56:20 PM
94 http fetch GET http://nexus.lab.hwinternal.net/nexus/content/groups/npm/@babel/core/-/core-7.2.0.tgz
95 error fetch failed http://nexus.lab.hwinternal.net/nexus/content/groups/npm/@babel/core/-/core-7.2.0.tgz
96 warn retry will retry, error on last attempt: Error: connect ETIMEDOUT 10.139.13.216:80
97 info retry fetch attempt 2 at 12:57:47 PM
98 info attempt registry request try #1 at 12:57:47 PM
99 http fetch GET http://nexus.lab.hwinternal.net/nexus/content/groups/npm/@babel/core/-/core-7.2.0.tgz
100 info retry will retry, error on last attempt: Error: connect ETIMEDOUT 10.139.13.216:80
101 info attempt registry request try #2 at 12:59:13 PM
102 http fetch GET http://nexus.lab.hwinternal.net/nexus/content/groups/npm/@babel/core/-/core-7.2.0.tgz
103 info retry will retry, error on last attempt: Error: connect ETIMEDOUT 10.139.13.216:80
104 info attempt registry request try #3 at 1:01:31 PM
105 http fetch GET http://nexus.lab.hwinternal.net/nexus/content/groups/npm/@babel/core/-/core-7.2.0.tgz
106 error fetch failed http://nexus.lab.hwinternal.net/nexus/content/groups/npm/@babel/core/-/core-7.2.0.tgz
107 warn retry will retry, error on last attempt: Error: connect ETIMEDOUT 10.139.13.216:80
108 info retry fetch attempt 3 at 1:03:47 PM
109 info attempt registry request try #1 at 1:03:47 PM
110 http fetch GET http://nexus.lab.hwinternal.net/nexus/content/groups/npm/@babel/core/-/core-7.2.0.tgz
111 info retry will retry, error on last attempt: Error: connect ETIMEDOUT 10.139.12.68:80
112 info attempt registry request try #2 at 1:05:13 PM
113 http fetch GET http://nexus.lab.hwinternal.net/nexus/content/groups/npm/@babel/core/-/core-7.2.0.tgz
114 info retry will retry, error on last attempt: Error: connect ETIMEDOUT 10.139.13.216:80
115 info attempt registry request try #3 at 1:07:29 PM
116 http fetch GET http://nexus.lab.hwinternal.net/nexus/content/groups/npm/@babel/core/-/core-7.2.0.tgz
117 error fetch failed http://nexus.lab.hwinternal.net/nexus/content/groups/npm/@babel/core/-/core-7.2.0.tgz
118 silly rollbackFailedOptional Starting
119 silly rollbackFailedOptional Finishing
120 silly runTopLevelLifecycles Finishing
121 silly install printInstalled
122 verbose stack Error: connect ETIMEDOUT 10.139.12.68:80
122 verbose stack     at Object.exports._errnoException (util.js:1026:11)
122 verbose stack     at exports._exceptionWithHostPort (util.js:1049:20)
122 verbose stack     at TCPConnectWrap.afterConnect [as oncomplete] (net.js:1085:14)
123 verbose cwd /Users/priyanka.kesharwani/Downloads/vh2fv/hackathon2020
124 error Darwin 19.5.0
125 error argv "/Users/priyanka.kesharwani/.nvm/versions/node/v6.9.0/bin/node" "/Users/priyanka.kesharwani/.nvm/versions/node/v6.9.0/bin/npm" "i"
126 error node v6.9.0
127 error npm  v3.10.8
128 error code ETIMEDOUT
129 error errno ETIMEDOUT
130 error syscall connect
131 error network connect ETIMEDOUT 10.139.12.68:80
132 error network This is most likely not a problem with npm itself
132 error network and is related to network connectivity.
132 error network In most cases you are behind a proxy or have bad network settings.
132 error network
132 error network If you are behind a proxy, please make sure that the
132 error network 'proxy' config is set properly.  See: 'npm help config'
133 verbose exit [ 1, true ]
